8c8
<         worker_1 - worker
---
>         worker_1 worker_2 worker_3 - worker
12a13,14
>         power_plant_1 power_plant_2 - power_plant
>         r1 r2 r3 r4 r5 r6 s1 b1 - location
14a17,26
>         (NEEDS_POWER tech_facility_1)
>         (NEEDS_POWER tank_factory_1)
>         (is_rock r1)
>         (is_rock r2)
>         (is_rock r3)
>         (is_rock r4)
>         (is_rock r5)
>         (is_rock r6)
>         (is_sand s1)
>         (is_boggy b1)
15a28
>         (at_loc_unit r1 worker_1)
