INFO     planner time limit: None
INFO     planner memory limit: None

INFO     Running translator.
INFO     translator stdin: None
INFO     translator time limit: None
INFO     translator memory limit: None
INFO     translator command line string: /usr/bin/python3 /workspace/downward/builds/release/bin/translate/translate.py domain problem --sas-file output.sas
Parsing...
Parsing: [0.010s CPU, 0.004s wall-clock]
Normalizing task... [0.000s CPU, 0.000s wall-clock]
Instantiating...
Generating Datalog program... [0.000s CPU, 0.000s wall-clock]
Normalizing Datalog program...
Normalizing Datalog program: [0.000s CPU, 0.005s wall-clock]
Preparing model... [0.000s CPU, 0.003s wall-clock]
Generated 74 rules.
Computing model... [0.010s CPU, 0.005s wall-clock]
599 relevant atoms
416 auxiliary atoms
1015 final queue length
1621 total queue pushes
Completing instantiation... [0.010s CPU, 0.006s wall-clock]
Instantiating: [0.020s CPU, 0.020s wall-clock]
Computing fact groups...
Finding invariants...
22 initial candidates
Finding invariants: [0.000s CPU, 0.001s wall-clock]
Checking invariant weight... [0.000s CPU, 0.000s wall-clock]
Instantiating groups... [0.000s CPU, 0.000s wall-clock]
Collecting mutex groups... [0.000s CPU, 0.000s wall-clock]
Choosing groups...
105 uncovered facts
Choosing groups: [0.000s CPU, 0.000s wall-clock]
Building translation key... [0.000s CPU, 0.000s wall-clock]
Computing fact groups: [0.000s CPU, 0.002s wall-clock]
Building STRIPS to SAS dictionary... [0.000s CPU, 0.000s wall-clock]
Building dictionary for full mutex groups... [0.000s CPU, 0.000s wall-clock]
Building mutex information...
Building mutex information: [0.000s CPU, 0.000s wall-clock]
Translating task...
Processing axioms...
Simplifying axioms... [0.000s CPU, 0.000s wall-clock]
Translator axioms removed by simplifying: 0
Computing negative axioms... [0.000s CPU, 0.000s wall-clock]
Processing axioms: [0.000s CPU, 0.001s wall-clock]
Translating task: [0.010s CPU, 0.009s wall-clock]
246 effect conditions simplified
0 implied preconditions added
Detecting unreachable propositions...
13 operators removed
0 axioms removed
8 propositions removed
Detecting unreachable propositions: [0.000s CPU, 0.004s wall-clock]
Reordering and filtering variables...
34 of 101 variables necessary.
0 of 0 mutex groups necessary.
97 of 313 operators necessary.
0 of 0 axiom rules necessary.
Reordering and filtering variables: [0.000s CPU, 0.002s wall-clock]
Translator variables: 34
Translator derived variables: 0
Translator facts: 68
Translator goal facts: 1
Translator mutex groups: 0
Translator total mutex groups size: 0
Translator operators: 97
Translator axioms: 0
Translator task size: 834
Translator peak memory: 30900 KB
Writing output... [0.000s CPU, 0.001s wall-clock]
Done! [0.040s CPU, 0.044s wall-clock]
translate exit code: 0

INFO     Running search (release).
INFO     search stdin: output.sas
INFO     search time limit: None
INFO     search memory limit: None
INFO     search command line string: /workspace/downward/builds/release/bin/downward --search 'let(hlm,landmark_sum(lm_factory=lm_reasonable_orders_hps(lm_rhw()),transform=adapt_costs(one),pref=false),let(hff,ff(transform=adapt_costs(one)),lazy_greedy([hff,hlm],preferred=[hff,hlm],cost_type=one,reopen_closed=false)))' --internal-plan-file sas_plan < output.sas
[t=0.00357305s, 12592 KB] reading input...
[t=0.00462053s, 12592 KB] done reading input!
[t=0.00865833s, 12856 KB] Initializing landmark sum heuristic...
[t=0.00872938s, 12856 KB] Generating landmark graph...
[t=0.00877179s, 12856 KB] Building a landmark graph with reasonable orders.
[t=0.00879981s, 12856 KB] Initializing Exploration...
[t=0.00885728s, 12856 KB] Generating landmarks using the RPG/SAS+ approach
[t=0.0090432s, 12856 KB] Removed 0 reasonable or obedient reasonable orders
[t=0.00906368s, 12856 KB] Landmarks generation time: 0.000298769s
[t=0.00909219s, 12856 KB] Discovered 7 landmarks, of which 0 are disjunctive and 0 are conjunctive.
[t=0.00910552s, 12856 KB] 7 edges
[t=0.00911809s, 12856 KB] approx. reasonable orders
[t=0.00913513s, 12856 KB] approx. obedient reasonable orders
[t=0.00914869s, 12856 KB] Removed 0 reasonable or obedient reasonable orders
[t=0.00916059s, 12856 KB] Landmarks generation time: 0.000420706s
[t=0.00917289s, 12856 KB] Discovered 7 landmarks, of which 0 are disjunctive and 0 are conjunctive.
[t=0.00918461s, 12856 KB] 7 edges
[t=0.00919789s, 12856 KB] Landmark graph generation time: 0.000478666s
[t=0.0092104s, 12856 KB] Landmark graph contains 7 landmarks, of which 0 are disjunctive and 0 are conjunctive.
[t=0.00922182s, 12856 KB] Landmark graph contains 7 orderings.
[t=0.00928478s, 12856 KB] Simplifying 241 unary operators... done! [194 unary operators]
[t=0.00942557s, 12856 KB] time to simplify: 0.000158617s
[t=0.0094616s, 12992 KB] Initializing additive heuristic...
[t=0.00949242s, 12992 KB] Initializing FF heuristic...
[t=0.0095454s, 12992 KB] Building successor generator...done!
[t=0.00962562s, 12992 KB] peak memory difference for successor generator creation: 0 KB
[t=0.00963732s, 12992 KB] time for successor generation creation: 4.225e-05s
[t=0.00965191s, 12992 KB] Variables: 34
[t=0.00966405s, 12992 KB] FactPairs: 68
[t=0.00967577s, 12992 KB] Bytes per state: 8
[t=0.00971357s, 12992 KB] Conducting lazy best first search, (real) bound = 2147483647
[t=0.00974045s, 12992 KB] 4 initial landmarks, 1 goal landmarks
[t=0.00977963s, 12992 KB] New best heuristic value for landmark_sum(lm_factory=lm_reasonable_orders_hps(lm_rhw()),transform=adapt_costs(one),pref=false): 3
[t=0.00979621s, 12992 KB] New best heuristic value for ff(transform=adapt_costs(one)): 6
[t=0.00980877s, 12992 KB] g=0, 1 evaluated, 0 expanded
[t=0.00982408s, 12992 KB] Initial heuristic value for landmark_sum(lm_factory=lm_reasonable_orders_hps(lm_rhw()),transform=adapt_costs(one),pref=false): 3
[t=0.00983619s, 12992 KB] Initial heuristic value for ff(transform=adapt_costs(one)): 6
[t=0.00985875s, 12992 KB] New best heuristic value for landmark_sum(lm_factory=lm_reasonable_orders_hps(lm_rhw()),transform=adapt_costs(one),pref=false): 2
[t=0.0098719s, 12992 KB] New best heuristic value for ff(transform=adapt_costs(one)): 5
[t=0.00988414s, 12992 KB] g=1, 2 evaluated, 1 expanded
[t=0.00991029s, 12992 KB] New best heuristic value for ff(transform=adapt_costs(one)): 2
[t=0.00992419s, 12992 KB] g=2, 3 evaluated, 2 expanded
[t=0.00994766s, 12992 KB] New best heuristic value for landmark_sum(lm_factory=lm_reasonable_orders_hps(lm_rhw()),transform=adapt_costs(one),pref=false): 1
[t=0.00996121s, 12992 KB] New best heuristic value for ff(transform=adapt_costs(one)): 1
[t=0.00997314s, 12992 KB] g=3, 4 evaluated, 3 expanded
[t=0.00999148s, 12992 KB] Solution found!
[t=0.0100051s, 12992 KB] Actual search time: 0.000258115s
train_worker worker_1 r1 (1)
move worker_1 r1 r2 (1)
build_unpowered_building worker_1 barracks_1 r2 (1)
train_light_infantry light_infantry_1 r2 (1)
[t=0.0100181s, 12992 KB] Plan length: 4 step(s).
[t=0.0100181s, 12992 KB] Plan cost: 4
[t=0.0100181s, 12992 KB] Expanded 4 state(s).
[t=0.0100181s, 12992 KB] Reopened 0 state(s).
[t=0.0100181s, 12992 KB] Evaluated 5 state(s).
[t=0.0100181s, 12992 KB] Evaluations: 10
[t=0.0100181s, 12992 KB] Generated 20 state(s).
[t=0.0100181s, 12992 KB] Dead ends: 0 state(s).
[t=0.0100181s, 12992 KB] Number of registered states: 5
[t=0.0100181s, 12992 KB] Int hash set load factor: 5/8 = 0.625
[t=0.0100181s, 12992 KB] Int hash set resizes: 3
[t=0.0100181s, 12992 KB] Search time: 0.000305002s
[t=0.0100181s, 12992 KB] Total time: 0.0100181s
Solution found.
Peak memory: 12992 KB
Remove intermediate file output.sas
search exit code: 0

INFO     Planner time: 0.37s