INFO     planner time limit: None
INFO     planner memory limit: None

INFO     Running translator.
INFO     translator stdin: None
INFO     translator time limit: None
INFO     translator memory limit: None
INFO     translator command line string: /usr/bin/python3 /workspace/downward/builds/release/bin/translate/translate.py domain problem --sas-file output.sas
Parsing...
Parsing: [0.010s CPU, 0.004s wall-clock]
Normalizing task... [0.000s CPU, 0.000s wall-clock]
Instantiating...
Generating Datalog program... [0.000s CPU, 0.000s wall-clock]
Normalizing Datalog program...
Normalizing Datalog program: [0.000s CPU, 0.005s wall-clock]
Preparing model... [0.000s CPU, 0.003s wall-clock]
Generated 74 rules.
Computing model... [0.000s CPU, 0.007s wall-clock]
745 relevant atoms
460 auxiliary atoms
1205 final queue length
2201 total queue pushes
Completing instantiation... [0.000s CPU, 0.010s wall-clock]
Instantiating: [0.010s CPU, 0.026s wall-clock]
Computing fact groups...
Finding invariants...
22 initial candidates
Finding invariants: [0.010s CPU, 0.001s wall-clock]
Checking invariant weight... [0.000s CPU, 0.000s wall-clock]
Instantiating groups... [0.000s CPU, 0.000s wall-clock]
Collecting mutex groups... [0.000s CPU, 0.000s wall-clock]
Choosing groups...
116 uncovered facts
Choosing groups: [0.000s CPU, 0.000s wall-clock]
Building translation key... [0.000s CPU, 0.000s wall-clock]
Computing fact groups: [0.010s CPU, 0.002s wall-clock]
Building STRIPS to SAS dictionary... [0.000s CPU, 0.000s wall-clock]
Building dictionary for full mutex groups... [0.000s CPU, 0.000s wall-clock]
Building mutex information...
Building mutex information: [0.000s CPU, 0.000s wall-clock]
Translating task...
Processing axioms...
Simplifying axioms... [0.000s CPU, 0.000s wall-clock]
Translator axioms removed by simplifying: 0
Computing negative axioms... [0.000s CPU, 0.000s wall-clock]
Processing axioms: [0.000s CPU, 0.001s wall-clock]
Translating task: [0.010s CPU, 0.013s wall-clock]
296 effect conditions simplified
0 implied preconditions added
Detecting unreachable propositions...
26 operators removed
0 axioms removed
8 propositions removed
Detecting unreachable propositions: [0.010s CPU, 0.006s wall-clock]
Reordering and filtering variables...
59 of 112 variables necessary.
0 of 0 mutex groups necessary.
243 of 404 operators necessary.
0 of 0 axiom rules necessary.
Reordering and filtering variables: [0.000s CPU, 0.003s wall-clock]
Translator variables: 59
Translator derived variables: 0
Translator facts: 118
Translator goal facts: 3
Translator mutex groups: 0
Translator total mutex groups size: 0
Translator operators: 243
Translator axioms: 0
Translator task size: 1913
Translator peak memory: 31924 KB
Writing output... [0.000s CPU, 0.002s wall-clock]
Done! [0.050s CPU, 0.060s wall-clock]
translate exit code: 0

INFO     Running search (release).
INFO     search stdin: output.sas
INFO     search time limit: None
INFO     search memory limit: None
INFO     search command line string: /workspace/downward/builds/release/bin/downward --search 'let(hlm,landmark_sum(lm_factory=lm_reasonable_orders_hps(lm_rhw()),transform=adapt_costs(one),pref=false),let(hff,ff(transform=adapt_costs(one)),lazy_greedy([hff,hlm],preferred=[hff,hlm],cost_type=one,reopen_closed=false)))' --internal-plan-file sas_plan < output.sas
[t=0.00223712s, 12592 KB] reading input...
[t=0.00335708s, 12592 KB] done reading input!
[t=0.00696651s, 12988 KB] Initializing landmark sum heuristic...
[t=0.00703721s, 12988 KB] Generating landmark graph...
[t=0.00708022s, 12988 KB] Building a landmark graph with reasonable orders.
[t=0.00711505s, 12988 KB] Initializing Exploration...
[t=0.00722703s, 12988 KB] Generating landmarks using the RPG/SAS+ approach
[t=0.00782938s, 12988 KB] Removed 0 reasonable or obedient reasonable orders
[t=0.0078591s, 12988 KB] Landmarks generation time: 0.000776946s
[t=0.00787642s, 12988 KB] Discovered 12 landmarks, of which 2 are disjunctive and 0 are conjunctive.
[t=0.00788929s, 12988 KB] 18 edges
[t=0.00790219s, 12988 KB] approx. reasonable orders
[t=0.00795831s, 12988 KB] approx. obedient reasonable orders
[t=0.00798467s, 12988 KB] Removed 0 reasonable or obedient reasonable orders
[t=0.00799972s, 12988 KB] Landmarks generation time: 0.000954248s
[t=0.008015s, 12988 KB] Discovered 12 landmarks, of which 2 are disjunctive and 0 are conjunctive.
[t=0.00802761s, 12988 KB] 18 edges
[t=0.00804009s, 12988 KB] Landmark graph generation time: 0.00101343s
[t=0.00805315s, 12988 KB] Landmark graph contains 12 landmarks, of which 2 are disjunctive and 0 are conjunctive.
[t=0.00806504s, 12988 KB] Landmark graph contains 18 orderings.
[t=0.00817583s, 12988 KB] Simplifying 606 unary operators... done! [470 unary operators]
[t=0.00843054s, 12988 KB] time to simplify: 0.000290696s
[t=0.00850076s, 12988 KB] Initializing additive heuristic...
[t=0.00851966s, 12988 KB] Initializing FF heuristic...
[t=0.00857205s, 12988 KB] Building successor generator...done!
[t=0.00868768s, 12988 KB] peak memory difference for successor generator creation: 0 KB
[t=0.00869974s, 12988 KB] time for successor generation creation: 7.3578e-05s
[t=0.00871503s, 12988 KB] Variables: 59
[t=0.0087273s, 12988 KB] FactPairs: 118
[t=0.00873979s, 12988 KB] Bytes per state: 8
[t=0.0087793s, 12988 KB] Conducting lazy best first search, (real) bound = 2147483647
[t=0.00880776s, 12988 KB] 5 initial landmarks, 3 goal landmarks
[t=0.00885071s, 12988 KB] New best heuristic value for landmark_sum(lm_factory=lm_reasonable_orders_hps(lm_rhw()),transform=adapt_costs(one),pref=false): 7
[t=0.00886726s, 12988 KB] New best heuristic value for ff(transform=adapt_costs(one)): 13
[t=0.00888015s, 12988 KB] g=0, 1 evaluated, 0 expanded
[t=0.0088962s, 12988 KB] Initial heuristic value for landmark_sum(lm_factory=lm_reasonable_orders_hps(lm_rhw()),transform=adapt_costs(one),pref=false): 7
[t=0.00890863s, 12988 KB] Initial heuristic value for ff(transform=adapt_costs(one)): 13
[t=0.00893618s, 12988 KB] New best heuristic value for landmark_sum(lm_factory=lm_reasonable_orders_hps(lm_rhw()),transform=adapt_costs(one),pref=false): 6
[t=0.00894938s, 12988 KB] New best heuristic value for ff(transform=adapt_costs(one)): 12
[t=0.00896118s, 12988 KB] g=1, 2 evaluated, 1 expanded
[t=0.00898921s, 12988 KB] New best heuristic value for ff(transform=adapt_costs(one)): 6
[t=0.00900238s, 12988 KB] g=2, 3 evaluated, 2 expanded
[t=0.00903154s, 12988 KB] New best heuristic value for landmark_sum(lm_factory=lm_reasonable_orders_hps(lm_rhw()),transform=adapt_costs(one),pref=false): 5
[t=0.00904539s, 12988 KB] g=3, 4 evaluated, 3 expanded
[t=0.00911022s, 12988 KB] New best heuristic value for landmark_sum(lm_factory=lm_reasonable_orders_hps(lm_rhw()),transform=adapt_costs(one),pref=false): 4
[t=0.00913232s, 12988 KB] g=4, 7 evaluated, 6 expanded
[t=0.00916596s, 12988 KB] New best heuristic value for ff(transform=adapt_costs(one)): 5
[t=0.00918603s, 12988 KB] g=5, 8 evaluated, 7 expanded
[t=0.00925526s, 12988 KB] New best heuristic value for ff(transform=adapt_costs(one)): 4
[t=0.00928018s, 12988 KB] g=6, 11 evaluated, 10 expanded
[t=0.00932344s, 12988 KB] New best heuristic value for landmark_sum(lm_factory=lm_reasonable_orders_hps(lm_rhw()),transform=adapt_costs(one),pref=false): 3
[t=0.00935382s, 12988 KB] g=7, 12 evaluated, 11 expanded
[t=0.00939662s, 12988 KB] New best heuristic value for ff(transform=adapt_costs(one)): 3
[t=0.0094114s, 12988 KB] g=9, 14 evaluated, 13 expanded
[t=0.00943601s, 12988 KB] New best heuristic value for landmark_sum(lm_factory=lm_reasonable_orders_hps(lm_rhw()),transform=adapt_costs(one),pref=false): 2
[t=0.00944942s, 12988 KB] New best heuristic value for ff(transform=adapt_costs(one)): 2
[t=0.00946149s, 12988 KB] g=10, 15 evaluated, 14 expanded
[t=0.00948295s, 12988 KB] New best heuristic value for landmark_sum(lm_factory=lm_reasonable_orders_hps(lm_rhw()),transform=adapt_costs(one),pref=false): 1
[t=0.00949614s, 12988 KB] New best heuristic value for ff(transform=adapt_costs(one)): 1
[t=0.00950811s, 12988 KB] g=11, 16 evaluated, 15 expanded
[t=0.00952966s, 12988 KB] Solution found!
[t=0.00954364s, 12988 KB] Actual search time: 0.000729274s
train_worker worker_2 r1 (1)
move worker_2 r1 r2 (1)
build_unpowered_building worker_2 barracks_1 r2 (1)
train_light_infantry light_infantry_1 r2 (1)
finish_occupied worker_2 (1)
move worker_2 r2 r3 (1)
build_unpowered_building worker_2 power_plant_2 r3 (1)
train_worker worker_1 r1 (1)
move worker_1 r1 r4 (1)
build_powered_building worker_1 tank_factory_1 r4 power_plant_2 (1)
train_tank tank_1 r4 (1)
move tank_1 r4 b1 (1)
[t=0.0095568s, 12988 KB] Plan length: 12 step(s).
[t=0.0095568s, 12988 KB] Plan cost: 12
[t=0.0095568s, 12988 KB] Expanded 16 state(s).
[t=0.0095568s, 12988 KB] Reopened 0 state(s).
[t=0.0095568s, 12988 KB] Evaluated 17 state(s).
[t=0.0095568s, 12988 KB] Evaluations: 34
[t=0.0095568s, 12988 KB] Generated 96 state(s).
[t=0.0095568s, 12988 KB] Dead ends: 0 state(s).
[t=0.0095568s, 12988 KB] Number of registered states: 17
[t=0.0095568s, 12988 KB] Int hash set load factor: 17/32 = 0.53125
[t=0.0095568s, 12988 KB] Int hash set resizes: 5
[t=0.0095568s, 12988 KB] Search time: 0.000777964s
[t=0.0095568s, 12988 KB] Total time: 0.0095568s
Solution found.
Peak memory: 12988 KB
Remove intermediate file output.sas
search exit code: 0

INFO     Planner time: 0.36s