INFO     planner time limit: None
INFO     planner memory limit: None

INFO     Running translator.
INFO     translator stdin: None
INFO     translator time limit: None
INFO     translator memory limit: None
INFO     translator command line string: /usr/bin/python3 /workspace/downward/builds/release/bin/translate/translate.py domain problem --sas-file output.sas
Parsing...
Parsing: [0.010s CPU, 0.006s wall-clock]
Normalizing task... [0.000s CPU, 0.000s wall-clock]
Instantiating...
Generating Datalog program... [0.000s CPU, 0.001s wall-clock]
Normalizing Datalog program...
Normalizing Datalog program: [0.010s CPU, 0.006s wall-clock]
Preparing model... [0.000s CPU, 0.003s wall-clock]
Generated 74 rules.
Computing model... [0.010s CPU, 0.012s wall-clock]
974 relevant atoms
534 auxiliary atoms
1508 final queue length
2961 total queue pushes
Completing instantiation... [0.010s CPU, 0.017s wall-clock]
Instantiating: [0.040s CPU, 0.041s wall-clock]
Computing fact groups...
Finding invariants...
22 initial candidates
Finding invariants: [0.000s CPU, 0.002s wall-clock]
Checking invariant weight... [0.000s CPU, 0.000s wall-clock]
Instantiating groups... [0.000s CPU, 0.000s wall-clock]
Collecting mutex groups... [0.000s CPU, 0.000s wall-clock]
Choosing groups...
136 uncovered facts
Choosing groups: [0.000s CPU, 0.000s wall-clock]
Building translation key... [0.000s CPU, 0.000s wall-clock]
Computing fact groups: [0.010s CPU, 0.003s wall-clock]
Building STRIPS to SAS dictionary... [0.000s CPU, 0.000s wall-clock]
Building dictionary for full mutex groups... [0.000s CPU, 0.000s wall-clock]
Building mutex information...
Building mutex information: [0.000s CPU, 0.000s wall-clock]
Translating task...
Processing axioms...
Simplifying axioms... [0.000s CPU, 0.000s wall-clock]
Translator axioms removed by simplifying: 0
Computing negative axioms... [0.000s CPU, 0.000s wall-clock]
Processing axioms: [0.000s CPU, 0.002s wall-clock]
Translating task: [0.020s CPU, 0.024s wall-clock]
395 effect conditions simplified
0 implied preconditions added
Detecting unreachable propositions...
39 operators removed
0 axioms removed
8 propositions removed
Detecting unreachable propositions: [0.010s CPU, 0.010s wall-clock]
Reordering and filtering variables...
67 of 132 variables necessary.
0 of 0 mutex groups necessary.
299 of 550 operators necessary.
0 of 0 axiom rules necessary.
Reordering and filtering variables: [0.000s CPU, 0.005s wall-clock]
Translator variables: 67
Translator derived variables: 0
Translator facts: 134
Translator goal facts: 4
Translator mutex groups: 0
Translator total mutex groups size: 0
Translator operators: 299
Translator axioms: 0
Translator task size: 2529
Translator peak memory: 31924 KB
Writing output... [0.000s CPU, 0.002s wall-clock]
Done! [0.100s CPU, 0.095s wall-clock]
translate exit code: 0

INFO     Running search (release).
INFO     search stdin: output.sas
INFO     search time limit: None
INFO     search memory limit: None
INFO     search command line string: /workspace/downward/builds/release/bin/downward --search 'let(hlm,landmark_sum(lm_factory=lm_reasonable_orders_hps(lm_rhw()),transform=adapt_costs(one),pref=false),let(hff,ff(transform=adapt_costs(one)),lazy_greedy([hff,hlm],preferred=[hff,hlm],cost_type=one,reopen_closed=false)))' --internal-plan-file sas_plan < output.sas
[t=0.00228992s, 12592 KB] reading input...
[t=0.00380497s, 12724 KB] done reading input!
[t=0.00770523s, 12988 KB] Initializing landmark sum heuristic...
[t=0.00778087s, 12988 KB] Generating landmark graph...
[t=0.00783306s, 12988 KB] Building a landmark graph with reasonable orders.
[t=0.00787184s, 12988 KB] Initializing Exploration...
[t=0.00801269s, 12988 KB] Generating landmarks using the RPG/SAS+ approach
[t=0.00939054s, 12988 KB] Removed 0 reasonable or obedient reasonable orders
[t=0.00943003s, 12988 KB] Landmarks generation time: 0.00160513s
[t=0.00945955s, 12988 KB] Discovered 24 landmarks, of which 2 are disjunctive and 0 are conjunctive.
[t=0.0094756s, 12988 KB] 54 edges
[t=0.00948935s, 12988 KB] approx. reasonable orders
[t=0.00963788s, 12988 KB] approx. obedient reasonable orders
[t=0.00965632s, 12988 KB] Removed 0 reasonable or obedient reasonable orders
[t=0.00966909s, 12988 KB] Landmarks generation time: 0.00187452s
[t=0.00968219s, 12988 KB] Discovered 24 landmarks, of which 2 are disjunctive and 0 are conjunctive.
[t=0.00969403s, 12988 KB] 54 edges
[t=0.00970586s, 12988 KB] Landmark graph generation time: 0.00193634s
[t=0.00971954s, 12988 KB] Landmark graph contains 24 landmarks, of which 2 are disjunctive and 0 are conjunctive.
[t=0.00973116s, 12988 KB] Landmark graph contains 54 orderings.
[t=0.00987157s, 12988 KB] Simplifying 806 unary operators... done! [665 unary operators]
[t=0.0102543s, 12988 KB] time to simplify: 0.000413564s
[t=0.0103245s, 13140 KB] Initializing additive heuristic...
[t=0.0103464s, 13140 KB] Initializing FF heuristic...
[t=0.0104146s, 13140 KB] Building successor generator...done!
[t=0.0105648s, 13140 KB] peak memory difference for successor generator creation: 0 KB
[t=0.0105767s, 13140 KB] time for successor generation creation: 0.000102662s
[t=0.0105936s, 13140 KB] Variables: 67
[t=0.0106073s, 13140 KB] FactPairs: 134
[t=0.0106191s, 13140 KB] Bytes per state: 12
[t=0.0106553s, 13140 KB] Conducting lazy best first search, (real) bound = 2147483647
[t=0.0106787s, 13140 KB] 11 initial landmarks, 4 goal landmarks
[t=0.0107257s, 13140 KB] New best heuristic value for landmark_sum(lm_factory=lm_reasonable_orders_hps(lm_rhw()),transform=adapt_costs(one),pref=false): 13
[t=0.0107426s, 13140 KB] New best heuristic value for ff(transform=adapt_costs(one)): 16
[t=0.0107587s, 13140 KB] g=0, 1 evaluated, 0 expanded
[t=0.0107768s, 13140 KB] Initial heuristic value for landmark_sum(lm_factory=lm_reasonable_orders_hps(lm_rhw()),transform=adapt_costs(one),pref=false): 13
[t=0.01079s, 13140 KB] Initial heuristic value for ff(transform=adapt_costs(one)): 16
[t=0.0108397s, 13140 KB] New best heuristic value for landmark_sum(lm_factory=lm_reasonable_orders_hps(lm_rhw()),transform=adapt_costs(one),pref=false): 12
[t=0.0108539s, 13140 KB] New best heuristic value for ff(transform=adapt_costs(one)): 15
[t=0.0108696s, 13140 KB] g=1, 2 evaluated, 1 expanded
[t=0.0109049s, 13140 KB] New best heuristic value for ff(transform=adapt_costs(one)): 10
[t=0.0109183s, 13140 KB] g=2, 3 evaluated, 2 expanded
[t=0.0109507s, 13140 KB] New best heuristic value for landmark_sum(lm_factory=lm_reasonable_orders_hps(lm_rhw()),transform=adapt_costs(one),pref=false): 10
[t=0.010967s, 13140 KB] g=3, 4 evaluated, 3 expanded
[t=0.0110357s, 13140 KB] New best heuristic value for ff(transform=adapt_costs(one)): 9
[t=0.0110506s, 13140 KB] g=5, 7 evaluated, 6 expanded
[t=0.0110793s, 13140 KB] New best heuristic value for landmark_sum(lm_factory=lm_reasonable_orders_hps(lm_rhw()),transform=adapt_costs(one),pref=false): 9
[t=0.011093s, 13140 KB] g=6, 8 evaluated, 7 expanded
[t=0.0111457s, 13140 KB] New best heuristic value for ff(transform=adapt_costs(one)): 8
[t=0.0111755s, 13140 KB] g=8, 10 evaluated, 9 expanded
[t=0.0112128s, 13140 KB] New best heuristic value for landmark_sum(lm_factory=lm_reasonable_orders_hps(lm_rhw()),transform=adapt_costs(one),pref=false): 7
[t=0.0112306s, 13140 KB] g=9, 11 evaluated, 10 expanded
[t=0.011281s, 13140 KB] New best heuristic value for landmark_sum(lm_factory=lm_reasonable_orders_hps(lm_rhw()),transform=adapt_costs(one),pref=false): 6
[t=0.0112952s, 13140 KB] g=10, 14 evaluated, 13 expanded
[t=0.0113629s, 13140 KB] New best heuristic value for ff(transform=adapt_costs(one)): 7
[t=0.0113768s, 13140 KB] g=12, 18 evaluated, 17 expanded
[t=0.0114395s, 13140 KB] New best heuristic value for ff(transform=adapt_costs(one)): 6
[t=0.0114552s, 13140 KB] g=15, 23 evaluated, 22 expanded
[t=0.0114804s, 13140 KB] New best heuristic value for landmark_sum(lm_factory=lm_reasonable_orders_hps(lm_rhw()),transform=adapt_costs(one),pref=false): 5
[t=0.0114942s, 13140 KB] New best heuristic value for ff(transform=adapt_costs(one)): 5
[t=0.011507s, 13140 KB] g=16, 24 evaluated, 23 expanded
[t=0.0115317s, 13140 KB] New best heuristic value for landmark_sum(lm_factory=lm_reasonable_orders_hps(lm_rhw()),transform=adapt_costs(one),pref=false): 4
[t=0.0115457s, 13140 KB] New best heuristic value for ff(transform=adapt_costs(one)): 4
[t=0.011558s, 13140 KB] g=17, 25 evaluated, 24 expanded
[t=0.011582s, 13140 KB] New best heuristic value for landmark_sum(lm_factory=lm_reasonable_orders_hps(lm_rhw()),transform=adapt_costs(one),pref=false): 3
[t=0.0115952s, 13140 KB] New best heuristic value for ff(transform=adapt_costs(one)): 3
[t=0.0116071s, 13140 KB] g=18, 26 evaluated, 25 expanded
[t=0.0116297s, 13140 KB] New best heuristic value for landmark_sum(lm_factory=lm_reasonable_orders_hps(lm_rhw()),transform=adapt_costs(one),pref=false): 2
[t=0.0116429s, 13140 KB] New best heuristic value for ff(transform=adapt_costs(one)): 2
[t=0.0116548s, 13140 KB] g=19, 27 evaluated, 26 expanded
[t=0.0116787s, 13140 KB] New best heuristic value for landmark_sum(lm_factory=lm_reasonable_orders_hps(lm_rhw()),transform=adapt_costs(one),pref=false): 1
[t=0.0116938s, 13140 KB] New best heuristic value for ff(transform=adapt_costs(one)): 1
[t=0.0117057s, 13140 KB] g=20, 28 evaluated, 27 expanded
[t=0.0117261s, 13140 KB] Solution found!
[t=0.0117399s, 13140 KB] Actual search time: 0.00105223s
train_worker worker_3 r1 (1)
move worker_3 r1 r2 (1)
build_unpowered_building worker_3 barracks_1 r2 (1)
finish_occupied worker_3 (1)
move worker_3 r2 r3 (1)
build_unpowered_building worker_3 power_plant_2 r3 (1)
train_worker worker_1 r1 (1)
move worker_1 r1 r4 (1)
build_powered_building worker_1 tank_factory_1 r4 power_plant_2 (1)
train_tank tank_1 r4 (1)
finish_occupied worker_1 (1)
move worker_1 r4 r5 (1)
build_unpowered_building worker_1 power_plant_1 r5 (1)
train_worker worker_2 r1 (1)
move worker_2 r1 r6 (1)
build_powered_building worker_2 tech_facility_1 r6 power_plant_1 (1)
upgrade_building tank_factory_1 (1)
train_siege_tank siege_tank_1 r4 (1)
upgrade_building barracks_1 (1)
train_heavy_infantry heavy_infantry_2 r2 (1)
train_heavy_infantry heavy_infantry_1 r2 (1)
[t=0.0117532s, 13140 KB] Plan length: 21 step(s).
[t=0.0117532s, 13140 KB] Plan cost: 21
[t=0.0117532s, 13140 KB] Expanded 28 state(s).
[t=0.0117532s, 13140 KB] Reopened 0 state(s).
[t=0.0117532s, 13140 KB] Evaluated 29 state(s).
[t=0.0117532s, 13140 KB] Evaluations: 58
[t=0.0117532s, 13140 KB] Generated 162 state(s).
[t=0.0117532s, 13140 KB] Dead ends: 0 state(s).
[t=0.0117532s, 13140 KB] Number of registered states: 29
[t=0.0117532s, 13140 KB] Int hash set load factor: 29/32 = 0.90625
[t=0.0117532s, 13140 KB] Int hash set resizes: 5
[t=0.0117532s, 13140 KB] Search time: 0.00109855s
[t=0.0117532s, 13140 KB] Total time: 0.0117532s
Solution found.
Peak memory: 13140 KB
Remove intermediate file output.sas
search exit code: 0

INFO     Planner time: 0.44s