INFO     planner time limit: None
INFO     planner memory limit: None

INFO     Running translator.
INFO     translator stdin: None
INFO     translator time limit: None
INFO     translator memory limit: None
INFO     translator command line string: /usr/bin/python3 /workspace/downward/builds/release/bin/translate/translate.py domain problem --sas-file output.sas
Parsing...
Parsing: [0.000s CPU, 0.004s wall-clock]
Normalizing task... [0.000s CPU, 0.000s wall-clock]
Instantiating...
Generating Datalog program... [0.000s CPU, 0.000s wall-clock]
Normalizing Datalog program...
Normalizing Datalog program: [0.010s CPU, 0.005s wall-clock]
Preparing model... [0.000s CPU, 0.003s wall-clock]
Generated 74 rules.
Computing model... [0.010s CPU, 0.008s wall-clock]
1057 relevant atoms
564 auxiliary atoms
1621 final queue length
3139 total queue pushes
Completing instantiation... [0.010s CPU, 0.013s wall-clock]
Instantiating: [0.030s CPU, 0.029s wall-clock]
Computing fact groups...
Finding invariants...
22 initial candidates
Finding invariants: [0.000s CPU, 0.001s wall-clock]
Checking invariant weight... [0.000s CPU, 0.000s wall-clock]
Instantiating groups... [0.000s CPU, 0.000s wall-clock]
Collecting mutex groups... [0.000s CPU, 0.000s wall-clock]
Choosing groups...
145 uncovered facts
Choosing groups: [0.000s CPU, 0.000s wall-clock]
Building translation key... [0.000s CPU, 0.000s wall-clock]
Computing fact groups: [0.000s CPU, 0.002s wall-clock]
Building STRIPS to SAS dictionary... [0.000s CPU, 0.000s wall-clock]
Building dictionary for full mutex groups... [0.000s CPU, 0.000s wall-clock]
Building mutex information...
Building mutex information: [0.000s CPU, 0.000s wall-clock]
Translating task...
Processing axioms...
Simplifying axioms... [0.000s CPU, 0.000s wall-clock]
Translator axioms removed by simplifying: 0
Computing negative axioms... [0.000s CPU, 0.000s wall-clock]
Processing axioms: [0.010s CPU, 0.001s wall-clock]
Translating task: [0.020s CPU, 0.020s wall-clock]
444 effect conditions simplified
0 implied preconditions added
Detecting unreachable propositions...
6 operators removed
0 axioms removed
2 propositions removed
Detecting unreachable propositions: [0.000s CPU, 0.009s wall-clock]
Reordering and filtering variables...
68 of 144 variables necessary.
0 of 0 mutex groups necessary.
337 of 638 operators necessary.
0 of 0 axiom rules necessary.
Reordering and filtering variables: [0.010s CPU, 0.006s wall-clock]
Translator variables: 68
Translator derived variables: 0
Translator facts: 136
Translator goal facts: 5
Translator mutex groups: 0
Translator total mutex groups size: 0
Translator operators: 337
Translator axioms: 0
Translator task size: 2846
Translator peak memory: 32948 KB
Writing output... [0.000s CPU, 0.002s wall-clock]
Done! [0.070s CPU, 0.077s wall-clock]
translate exit code: 0

INFO     Running search (release).
INFO     search stdin: output.sas
INFO     search time limit: None
INFO     search memory limit: None
INFO     search command line string: /workspace/downward/builds/release/bin/downward --search 'let(hlm,landmark_sum(lm_factory=lm_reasonable_orders_hps(lm_rhw()),transform=adapt_costs(one),pref=false),let(hff,ff(transform=adapt_costs(one)),lazy_greedy([hff,hlm],preferred=[hff,hlm],cost_type=one,reopen_closed=false)))' --internal-plan-file sas_plan < output.sas
[t=0.00247921s, 12592 KB] reading input...
[t=0.00399013s, 12724 KB] done reading input!
[t=0.00771074s, 12988 KB] Initializing landmark sum heuristic...
[t=0.00777264s, 12988 KB] Generating landmark graph...
[t=0.00782736s, 12988 KB] Building a landmark graph with reasonable orders.
[t=0.0078689s, 12988 KB] Initializing Exploration...
[t=0.00802638s, 12988 KB] Generating landmarks using the RPG/SAS+ approach
[t=0.00932072s, 12988 KB] Removed 0 reasonable or obedient reasonable orders
[t=0.00935086s, 12988 KB] Landmarks generation time: 0.00152202s
[t=0.00936936s, 12988 KB] Discovered 21 landmarks, of which 1 are disjunctive and 0 are conjunctive.
[t=0.0093823s, 12988 KB] 33 edges
[t=0.0093957s, 12988 KB] approx. reasonable orders
[t=0.0095835s, 12988 KB] approx. obedient reasonable orders
[t=0.00962094s, 12988 KB] Removed 0 reasonable or obedient reasonable orders
[t=0.00963474s, 12988 KB] Landmarks generation time: 0.00184727s
[t=0.00964797s, 12988 KB] Discovered 21 landmarks, of which 1 are disjunctive and 0 are conjunctive.
[t=0.00966073s, 12988 KB] 33 edges
[t=0.00968251s, 12988 KB] Landmark graph generation time: 0.00193167s
[t=0.00970748s, 12988 KB] Landmark graph contains 21 landmarks, of which 1 are disjunctive and 0 are conjunctive.
[t=0.0097207s, 12988 KB] Landmark graph contains 33 orderings.
[t=0.0098726s, 13128 KB] Simplifying 946 unary operators... done! [820 unary operators]
[t=0.010342s, 13128 KB] time to simplify: 0.000504186s
[t=0.010427s, 13128 KB] Initializing additive heuristic...
[t=0.0104437s, 13128 KB] Initializing FF heuristic...
[t=0.0104957s, 13128 KB] Building successor generator...done!
[t=0.0106819s, 13128 KB] peak memory difference for successor generator creation: 0 KB
[t=0.0106955s, 13128 KB] time for successor generation creation: 0.000138099s
[t=0.0107127s, 13128 KB] Variables: 68
[t=0.0107255s, 13128 KB] FactPairs: 136
[t=0.0107372s, 13128 KB] Bytes per state: 12
[t=0.0107754s, 13128 KB] Conducting lazy best first search, (real) bound = 2147483647
[t=0.0108013s, 13128 KB] 10 initial landmarks, 5 goal landmarks
[t=0.0108504s, 13128 KB] New best heuristic value for landmark_sum(lm_factory=lm_reasonable_orders_hps(lm_rhw()),transform=adapt_costs(one),pref=false): 11
[t=0.010871s, 13128 KB] New best heuristic value for ff(transform=adapt_costs(one)): 10
[t=0.0108841s, 13128 KB] g=0, 1 evaluated, 0 expanded
[t=0.0109032s, 13128 KB] Initial heuristic value for landmark_sum(lm_factory=lm_reasonable_orders_hps(lm_rhw()),transform=adapt_costs(one),pref=false): 11
[t=0.0109159s, 13128 KB] Initial heuristic value for ff(transform=adapt_costs(one)): 10
[t=0.0109483s, 13128 KB] New best heuristic value for landmark_sum(lm_factory=lm_reasonable_orders_hps(lm_rhw()),transform=adapt_costs(one),pref=false): 10
[t=0.0109619s, 13128 KB] g=1, 2 evaluated, 1 expanded
[t=0.0110271s, 13128 KB] New best heuristic value for landmark_sum(lm_factory=lm_reasonable_orders_hps(lm_rhw()),transform=adapt_costs(one),pref=false): 9
[t=0.0110421s, 13128 KB] g=2, 5 evaluated, 4 expanded
[t=0.0110715s, 13128 KB] New best heuristic value for ff(transform=adapt_costs(one)): 9
[t=0.0110852s, 13128 KB] g=3, 6 evaluated, 5 expanded
[t=0.0111392s, 13128 KB] New best heuristic value for landmark_sum(lm_factory=lm_reasonable_orders_hps(lm_rhw()),transform=adapt_costs(one),pref=false): 8
[t=0.0111542s, 13128 KB] g=3, 9 evaluated, 7 expanded
[t=0.0111823s, 13128 KB] New best heuristic value for ff(transform=adapt_costs(one)): 8
[t=0.0111966s, 13128 KB] g=4, 10 evaluated, 8 expanded
[t=0.0112483s, 13128 KB] New best heuristic value for ff(transform=adapt_costs(one)): 7
[t=0.0112627s, 13128 KB] g=5, 13 evaluated, 10 expanded
[t=0.0116765s, 13128 KB] New best heuristic value for landmark_sum(lm_factory=lm_reasonable_orders_hps(lm_rhw()),transform=adapt_costs(one),pref=false): 7
[t=0.0116983s, 13128 KB] g=9, 48 evaluated, 29 expanded
[t=0.0117412s, 13128 KB] New best heuristic value for ff(transform=adapt_costs(one)): 6
[t=0.0117558s, 13128 KB] g=11, 50 evaluated, 31 expanded
[t=0.0117999s, 13128 KB] New best heuristic value for landmark_sum(lm_factory=lm_reasonable_orders_hps(lm_rhw()),transform=adapt_costs(one),pref=false): 5
[t=0.0118152s, 13128 KB] g=12, 51 evaluated, 32 expanded
[t=0.0118732s, 13128 KB] New best heuristic value for landmark_sum(lm_factory=lm_reasonable_orders_hps(lm_rhw()),transform=adapt_costs(one),pref=false): 4
[t=0.0118901s, 13128 KB] g=13, 54 evaluated, 35 expanded
[t=0.0119466s, 13128 KB] New best heuristic value for ff(transform=adapt_costs(one)): 5
[t=0.011961s, 13128 KB] g=15, 58 evaluated, 39 expanded
[t=0.012025s, 13128 KB] New best heuristic value for ff(transform=adapt_costs(one)): 4
[t=0.0120398s, 13128 KB] g=18, 63 evaluated, 44 expanded
[t=0.0120881s, 13128 KB] New best heuristic value for landmark_sum(lm_factory=lm_reasonable_orders_hps(lm_rhw()),transform=adapt_costs(one),pref=false): 3
[t=0.012121s, 13128 KB] New best heuristic value for ff(transform=adapt_costs(one)): 3
[t=0.0121362s, 13128 KB] g=19, 64 evaluated, 45 expanded
[t=0.012166s, 13128 KB] New best heuristic value for landmark_sum(lm_factory=lm_reasonable_orders_hps(lm_rhw()),transform=adapt_costs(one),pref=false): 2
[t=0.0121808s, 13128 KB] New best heuristic value for ff(transform=adapt_costs(one)): 2
[t=0.0122094s, 13128 KB] g=20, 65 evaluated, 46 expanded
[t=0.0122394s, 13128 KB] New best heuristic value for landmark_sum(lm_factory=lm_reasonable_orders_hps(lm_rhw()),transform=adapt_costs(one),pref=false): 1
[t=0.0122657s, 13128 KB] New best heuristic value for ff(transform=adapt_costs(one)): 1
[t=0.0122864s, 13128 KB] g=21, 66 evaluated, 47 expanded
[t=0.0123113s, 13128 KB] Solution found!
[t=0.0123285s, 13128 KB] Actual search time: 0.00152529s
build_unpowered_building worker_1 barracks_1 r1 (1)
train_light_infantry light_infantry_2 r1 (1)
train_light_infantry light_infantry_1 r1 (1)
finish_occupied worker_1 (1)
move worker_1 r1 r2 (1)
build_unpowered_building worker_1 base_1 r2 (1)
train_worker worker_2 r2 (1)
move worker_2 r2 r3 (1)
build_unpowered_building worker_2 power_plant_2 r3 (1)
finish_occupied worker_2 (1)
move worker_2 r3 r4 (1)
build_powered_building worker_2 tank_factory_1 r4 power_plant_2 (1)
train_tank tank_1 r4 (1)
train_worker worker_3 r2 (1)
move worker_3 r2 r5 (1)
build_unpowered_building worker_3 power_plant_1 r5 (1)
finish_occupied worker_3 (1)
move worker_3 r5 r6 (1)
build_powered_building worker_3 tech_facility_1 r6 power_plant_1 (1)
upgrade_building tank_factory_1 (1)
train_siege_tank siege_tank_2 r4 (1)
train_siege_tank siege_tank_1 r4 (1)
[t=0.0123466s, 13128 KB] Plan length: 22 step(s).
[t=0.0123466s, 13128 KB] Plan cost: 22
[t=0.0123466s, 13128 KB] Expanded 48 state(s).
[t=0.0123466s, 13128 KB] Reopened 0 state(s).
[t=0.0123466s, 13128 KB] Evaluated 67 state(s).
[t=0.0123466s, 13128 KB] Evaluations: 116
[t=0.0123466s, 13128 KB] Generated 333 state(s).
[t=0.0123466s, 13128 KB] Dead ends: 18 state(s).
[t=0.0123466s, 13128 KB] Number of registered states: 67
[t=0.0123466s, 13128 KB] Int hash set load factor: 67/128 = 0.523438
[t=0.0123466s, 13128 KB] Int hash set resizes: 7
[t=0.0123466s, 13128 KB] Search time: 0.00157181s
[t=0.0123466s, 13128 KB] Total time: 0.0123466s
Solution found.
Peak memory: 13128 KB
Remove intermediate file output.sas
search exit code: 0

INFO     Planner time: 0.39s