INFO     planner time limit: None
INFO     planner memory limit: None

INFO     Running translator.
INFO     translator stdin: None
INFO     translator time limit: None
INFO     translator memory limit: None
INFO     translator command line string: /usr/bin/python3 /workspace/downward/builds/release/bin/translate/translate.py domain problem --sas-file output.sas
Parsing...
Parsing: [0.010s CPU, 0.004s wall-clock]
Normalizing task... [0.000s CPU, 0.000s wall-clock]
Instantiating...
Generating Datalog program... [0.000s CPU, 0.000s wall-clock]
Normalizing Datalog program...
Normalizing Datalog program: [0.000s CPU, 0.005s wall-clock]
Preparing model... [0.000s CPU, 0.003s wall-clock]
Generated 34 rules.
Computing model... [0.010s CPU, 0.001s wall-clock]
73 relevant atoms
23 auxiliary atoms
96 final queue length
101 total queue pushes
Completing instantiation... [0.000s CPU, 0.000s wall-clock]
Instantiating: [0.010s CPU, 0.009s wall-clock]
Computing fact groups...
Finding invariants...
10 initial candidates
Finding invariants: [0.000s CPU, 0.001s wall-clock]
Checking invariant weight... [0.000s CPU, 0.000s wall-clock]
Instantiating groups... [0.000s CPU, 0.000s wall-clock]
Collecting mutex groups... [0.000s CPU, 0.000s wall-clock]
Choosing groups...
17 uncovered facts
Choosing groups: [0.000s CPU, 0.000s wall-clock]
Building translation key... [0.000s CPU, 0.000s wall-clock]
Computing fact groups: [0.000s CPU, 0.001s wall-clock]
Building STRIPS to SAS dictionary... [0.000s CPU, 0.000s wall-clock]
Building dictionary for full mutex groups... [0.000s CPU, 0.000s wall-clock]
Building mutex information...
Building mutex information: [0.000s CPU, 0.000s wall-clock]
Translating task...
Processing axioms...
Simplifying axioms... [0.000s CPU, 0.000s wall-clock]
Translator axioms removed by simplifying: 0
Computing negative axioms... [0.000s CPU, 0.000s wall-clock]
Processing axioms: [0.000s CPU, 0.000s wall-clock]
Translating task: [0.000s CPU, 0.001s wall-clock]
1 effect conditions simplified
0 implied preconditions added
Detecting unreachable propositions...
1 operators removed
0 axioms removed
4 propositions removed
Detecting unreachable propositions: [0.000s CPU, 0.000s wall-clock]
Reordering and filtering variables...
10 of 15 variables necessary.
0 of 0 mutex groups necessary.
9 of 12 operators necessary.
0 of 0 axiom rules necessary.
Reordering and filtering variables: [0.000s CPU, 0.000s wall-clock]
Translator variables: 10
Translator derived variables: 0
Translator facts: 20
Translator goal facts: 3
Translator mutex groups: 0
Translator total mutex groups size: 0
Translator operators: 9
Translator axioms: 0
Translator task size: 76
Translator peak memory: 29876 KB
Writing output... [0.000s CPU, 0.000s wall-clock]
Done! [0.020s CPU, 0.017s wall-clock]
translate exit code: 0

INFO     Running search (release).
INFO     search stdin: output.sas
INFO     search time limit: None
INFO     search memory limit: None
INFO     search command line string: /workspace/downward/builds/release/bin/downward --search 'let(hlm,landmark_sum(lm_factory=lm_reasonable_orders_hps(lm_rhw()),transform=adapt_costs(one),pref=false),let(hff,ff(transform=adapt_costs(one)),lazy_greedy([hff,hlm],preferred=[hff,hlm],cost_type=one,reopen_closed=false)))' --internal-plan-file sas_plan < output.sas
[t=0.00234601s, 12592 KB] reading input...
[t=0.00264975s, 12592 KB] done reading input!
[t=0.00655009s, 12856 KB] Initializing landmark sum heuristic...
[t=0.00666781s, 12856 KB] Generating landmark graph...
[t=0.00670393s, 12856 KB] Building a landmark graph with reasonable orders.
[t=0.00672457s, 12856 KB] Initializing Exploration...
[t=0.00674844s, 12856 KB] Generating landmarks using the RPG/SAS+ approach
[t=0.00685409s, 12856 KB] Removed 0 reasonable or obedient reasonable orders
[t=0.00687895s, 12856 KB] Landmarks generation time: 0.000172003s
[t=0.00689577s, 12856 KB] Discovered 19 landmarks, of which 0 are disjunctive and 0 are conjunctive.
[t=0.00690828s, 12856 KB] 34 edges
[t=0.0069215s, 12856 KB] approx. reasonable orders
[t=0.00694188s, 12856 KB] approx. obedient reasonable orders
[t=0.00695857s, 12856 KB] Removed 0 reasonable or obedient reasonable orders
[t=0.00697175s, 12856 KB] Landmarks generation time: 0.000284804s
[t=0.00698485s, 12856 KB] Discovered 19 landmarks, of which 0 are disjunctive and 0 are conjunctive.
[t=0.00699735s, 12856 KB] 34 edges
[t=0.00700953s, 12856 KB] Landmark graph generation time: 0.000352501s
[t=0.00702226s, 12856 KB] Landmark graph contains 19 landmarks, of which 0 are disjunctive and 0 are conjunctive.
[t=0.00703419s, 12856 KB] Landmark graph contains 34 orderings.
[t=0.0070786s, 12856 KB] Simplifying 13 unary operators... done! [13 unary operators]
[t=0.00711188s, 12856 KB] time to simplify: 4.6958e-05s
[t=0.00713026s, 12856 KB] Initializing additive heuristic...
[t=0.00714298s, 12856 KB] Initializing FF heuristic...
[t=0.00719899s, 12856 KB] Building successor generator...done!
[t=0.00724655s, 12856 KB] peak memory difference for successor generator creation: 0 KB
[t=0.00726121s, 12856 KB] time for successor generation creation: 1.1392e-05s
[t=0.00727689s, 12856 KB] Variables: 10
[t=0.00728952s, 12856 KB] FactPairs: 20
[t=0.00730127s, 12856 KB] Bytes per state: 4
[t=0.00734921s, 12856 KB] Conducting lazy best first search, (real) bound = 2147483647
[t=0.00738431s, 12856 KB] 10 initial landmarks, 3 goal landmarks
[t=0.00742621s, 12856 KB] New best heuristic value for landmark_sum(lm_factory=lm_reasonable_orders_hps(lm_rhw()),transform=adapt_costs(one),pref=false): 9
[t=0.00744696s, 12856 KB] New best heuristic value for ff(transform=adapt_costs(one)): 8
[t=0.00746071s, 12856 KB] g=0, 1 evaluated, 0 expanded
[t=0.00747717s, 12856 KB] Initial heuristic value for landmark_sum(lm_factory=lm_reasonable_orders_hps(lm_rhw()),transform=adapt_costs(one),pref=false): 9
[t=0.00749046s, 12856 KB] Initial heuristic value for ff(transform=adapt_costs(one)): 8
[t=0.00751062s, 12856 KB] New best heuristic value for landmark_sum(lm_factory=lm_reasonable_orders_hps(lm_rhw()),transform=adapt_costs(one),pref=false): 8
[t=0.00752396s, 12856 KB] New best heuristic value for ff(transform=adapt_costs(one)): 7
[t=0.0075379s, 12856 KB] g=1, 2 evaluated, 1 expanded
[t=0.00756887s, 12856 KB] New best heuristic value for landmark_sum(lm_factory=lm_reasonable_orders_hps(lm_rhw()),transform=adapt_costs(one),pref=false): 7
[t=0.00758418s, 12856 KB] g=2, 4 evaluated, 3 expanded
[t=0.00760295s, 12856 KB] New best heuristic value for landmark_sum(lm_factory=lm_reasonable_orders_hps(lm_rhw()),transform=adapt_costs(one),pref=false): 6
[t=0.00761656s, 12856 KB] New best heuristic value for ff(transform=adapt_costs(one)): 6
[t=0.00762887s, 12856 KB] g=3, 5 evaluated, 4 expanded
[t=0.00765695s, 12856 KB] New best heuristic value for landmark_sum(lm_factory=lm_reasonable_orders_hps(lm_rhw()),transform=adapt_costs(one),pref=false): 5
[t=0.00767346s, 12856 KB] New best heuristic value for ff(transform=adapt_costs(one)): 5
[t=0.00768657s, 12856 KB] g=5, 8 evaluated, 7 expanded
[t=0.00770587s, 12856 KB] New best heuristic value for landmark_sum(lm_factory=lm_reasonable_orders_hps(lm_rhw()),transform=adapt_costs(one),pref=false): 4
[t=0.00771941s, 12856 KB] New best heuristic value for ff(transform=adapt_costs(one)): 4
[t=0.00773176s, 12856 KB] g=6, 9 evaluated, 8 expanded
[t=0.00775028s, 12856 KB] New best heuristic value for landmark_sum(lm_factory=lm_reasonable_orders_hps(lm_rhw()),transform=adapt_costs(one),pref=false): 3
[t=0.00776361s, 12856 KB] New best heuristic value for ff(transform=adapt_costs(one)): 3
[t=0.00777569s, 12856 KB] g=7, 10 evaluated, 9 expanded
[t=0.00779409s, 12856 KB] New best heuristic value for landmark_sum(lm_factory=lm_reasonable_orders_hps(lm_rhw()),transform=adapt_costs(one),pref=false): 2
[t=0.00780739s, 12856 KB] New best heuristic value for ff(transform=adapt_costs(one)): 2
[t=0.00782009s, 12856 KB] g=8, 11 evaluated, 10 expanded
[t=0.00783981s, 12856 KB] New best heuristic value for landmark_sum(lm_factory=lm_reasonable_orders_hps(lm_rhw()),transform=adapt_costs(one),pref=false): 1
[t=0.007854s, 12856 KB] New best heuristic value for ff(transform=adapt_costs(one)): 1
[t=0.00786828s, 12856 KB] g=9, 12 evaluated, 11 expanded
[t=0.00789537s, 12856 KB] Solution found!
[t=0.00791131s, 12856 KB] Actual search time: 0.000513986s
train_worker worker_1 (1)
build_building worker_1 tank_factory_1 (1)
finish_occupied worker_1 (1)
build_building worker_1 barracks_1 (1)
train_light_infantry light_infantry_1 (1)
finish_occupied worker_1 (1)
build_building worker_1 tech_facility_1 (1)
upgrade_building tank_factory_1 (1)
train_siege_tank siege_tank_2 (1)
train_siege_tank siege_tank_1 (1)
[t=0.00792535s, 12856 KB] Plan length: 10 step(s).
[t=0.00792535s, 12856 KB] Plan cost: 10
[t=0.00792535s, 12856 KB] Expanded 12 state(s).
[t=0.00792535s, 12856 KB] Reopened 0 state(s).
[t=0.00792535s, 12856 KB] Evaluated 13 state(s).
[t=0.00792535s, 12856 KB] Evaluations: 26
[t=0.00792535s, 12856 KB] Generated 24 state(s).
[t=0.00792535s, 12856 KB] Dead ends: 0 state(s).
[t=0.00792535s, 12856 KB] Number of registered states: 13
[t=0.00792535s, 12856 KB] Int hash set load factor: 13/16 = 0.8125
[t=0.00792535s, 12856 KB] Int hash set resizes: 4
[t=0.00792535s, 12856 KB] Search time: 0.000576895s
[t=0.00792535s, 12856 KB] Total time: 0.00792535s
Solution found.
Peak memory: 12856 KB
Remove intermediate file output.sas
search exit code: 0

INFO     Planner time: 0.33s