INFO     planner time limit: None
INFO     planner memory limit: None

INFO     Running translator.
INFO     translator stdin: None
INFO     translator time limit: None
INFO     translator memory limit: None
INFO     translator command line string: /usr/bin/python3 /workspace/downward/builds/release/bin/translate/translate.py domain problem --sas-file output.sas
Parsing...
Parsing: [0.000s CPU, 0.003s wall-clock]
Normalizing task... [0.000s CPU, 0.000s wall-clock]
Instantiating...
Generating Datalog program... [0.000s CPU, 0.000s wall-clock]
Normalizing Datalog program...
Normalizing Datalog program: [0.010s CPU, 0.004s wall-clock]
Preparing model... [0.000s CPU, 0.002s wall-clock]
Generated 34 rules.
Computing model... [0.000s CPU, 0.000s wall-clock]
79 relevant atoms
24 auxiliary atoms
103 final queue length
107 total queue pushes
Completing instantiation... [0.000s CPU, 0.000s wall-clock]
Instantiating: [0.010s CPU, 0.008s wall-clock]
Computing fact groups...
Finding invariants...
10 initial candidates
Finding invariants: [0.000s CPU, 0.001s wall-clock]
Checking invariant weight... [0.000s CPU, 0.000s wall-clock]
Instantiating groups... [0.000s CPU, 0.000s wall-clock]
Collecting mutex groups... [0.000s CPU, 0.000s wall-clock]
Choosing groups...
18 uncovered facts
Choosing groups: [0.000s CPU, 0.000s wall-clock]
Building translation key... [0.000s CPU, 0.000s wall-clock]
Computing fact groups: [0.000s CPU, 0.001s wall-clock]
Building STRIPS to SAS dictionary... [0.000s CPU, 0.000s wall-clock]
Building dictionary for full mutex groups... [0.000s CPU, 0.000s wall-clock]
Building mutex information...
Building mutex information: [0.000s CPU, 0.000s wall-clock]
Translating task...
Processing axioms...
Simplifying axioms... [0.000s CPU, 0.000s wall-clock]
Translator axioms removed by simplifying: 0
Computing negative axioms... [0.000s CPU, 0.000s wall-clock]
Processing axioms: [0.000s CPU, 0.000s wall-clock]
Translating task: [0.000s CPU, 0.001s wall-clock]
1 effect conditions simplified
0 implied preconditions added
Detecting unreachable propositions...
1 operators removed
0 axioms removed
2 propositions removed
Detecting unreachable propositions: [0.000s CPU, 0.000s wall-clock]
Reordering and filtering variables...
12 of 17 variables necessary.
0 of 0 mutex groups necessary.
11 of 13 operators necessary.
0 of 0 axiom rules necessary.
Reordering and filtering variables: [0.000s CPU, 0.000s wall-clock]
Translator variables: 12
Translator derived variables: 0
Translator facts: 24
Translator goal facts: 5
Translator mutex groups: 0
Translator total mutex groups size: 0
Translator operators: 11
Translator axioms: 0
Translator task size: 91
Translator peak memory: 29876 KB
Writing output... [0.000s CPU, 0.000s wall-clock]
Done! [0.010s CPU, 0.015s wall-clock]
translate exit code: 0

INFO     Running search (release).
INFO     search stdin: output.sas
INFO     search time limit: None
INFO     search memory limit: None
INFO     search command line string: /workspace/downward/builds/release/bin/downward --search 'let(hlm,landmark_sum(lm_factory=lm_reasonable_orders_hps(lm_rhw()),transform=adapt_costs(one),pref=false),let(hff,ff(transform=adapt_costs(one)),lazy_greedy([hff,hlm],preferred=[hff,hlm],cost_type=one,reopen_closed=false)))' --internal-plan-file sas_plan < output.sas
[t=0.00231085s, 12592 KB] reading input...
[t=0.0025544s, 12592 KB] done reading input!
[t=0.00611563s, 12856 KB] Initializing landmark sum heuristic...
[t=0.00617587s, 12856 KB] Generating landmark graph...
[t=0.00619805s, 12856 KB] Building a landmark graph with reasonable orders.
[t=0.00621428s, 12856 KB] Initializing Exploration...
[t=0.00623529s, 12856 KB] Generating landmarks using the RPG/SAS+ approach
[t=0.00634027s, 12856 KB] Removed 0 reasonable or obedient reasonable orders
[t=0.00635785s, 12856 KB] Landmarks generation time: 0.000157264s
[t=0.00637285s, 12856 KB] Discovered 21 landmarks, of which 0 are disjunctive and 0 are conjunctive.
[t=0.00638828s, 12856 KB] 30 edges
[t=0.00640119s, 12856 KB] approx. reasonable orders
[t=0.006423s, 12856 KB] approx. obedient reasonable orders
[t=0.0064396s, 12856 KB] Removed 0 reasonable or obedient reasonable orders
[t=0.00645209s, 12856 KB] Landmarks generation time: 0.000267569s
[t=0.00646476s, 12856 KB] Discovered 21 landmarks, of which 0 are disjunctive and 0 are conjunctive.
[t=0.00647647s, 12856 KB] 30 edges
[t=0.00648821s, 12856 KB] Landmark graph generation time: 0.000322261s
[t=0.00651239s, 12856 KB] Landmark graph contains 21 landmarks, of which 0 are disjunctive and 0 are conjunctive.
[t=0.00652581s, 12856 KB] Landmark graph contains 30 orderings.
[t=0.00656306s, 12856 KB] Simplifying 16 unary operators... done! [16 unary operators]
[t=0.00659117s, 12856 KB] time to simplify: 4.2439e-05s
[t=0.00661088s, 12856 KB] Initializing additive heuristic...
[t=0.00662339s, 12856 KB] Initializing FF heuristic...
[t=0.00667149s, 12856 KB] Building successor generator...done!
[t=0.00671719s, 12856 KB] peak memory difference for successor generator creation: 0 KB
[t=0.00672895s, 12856 KB] time for successor generation creation: 9.848e-06s
[t=0.00674368s, 12856 KB] Variables: 12
[t=0.00675545s, 12856 KB] FactPairs: 24
[t=0.00676701s, 12856 KB] Bytes per state: 4
[t=0.00680442s, 12856 KB] Conducting lazy best first search, (real) bound = 2147483647
[t=0.00683242s, 12856 KB] 11 initial landmarks, 5 goal landmarks
[t=0.00687599s, 12856 KB] New best heuristic value for landmark_sum(lm_factory=lm_reasonable_orders_hps(lm_rhw()),transform=adapt_costs(one),pref=false): 10
[t=0.00689311s, 12856 KB] New best heuristic value for ff(transform=adapt_costs(one)): 9
[t=0.00690613s, 12856 KB] g=0, 1 evaluated, 0 expanded
[t=0.0069229s, 12856 KB] Initial heuristic value for landmark_sum(lm_factory=lm_reasonable_orders_hps(lm_rhw()),transform=adapt_costs(one),pref=false): 10
[t=0.00693545s, 12856 KB] Initial heuristic value for ff(transform=adapt_costs(one)): 9
[t=0.0069663s, 12856 KB] New best heuristic value for landmark_sum(lm_factory=lm_reasonable_orders_hps(lm_rhw()),transform=adapt_costs(one),pref=false): 9
[t=0.00698057s, 12856 KB] g=1, 4 evaluated, 3 expanded
[t=0.00699975s, 12856 KB] New best heuristic value for landmark_sum(lm_factory=lm_reasonable_orders_hps(lm_rhw()),transform=adapt_costs(one),pref=false): 8
[t=0.00701257s, 12856 KB] New best heuristic value for ff(transform=adapt_costs(one)): 8
[t=0.00702444s, 12856 KB] g=2, 5 evaluated, 4 expanded
[t=0.00704239s, 12856 KB] New best heuristic value for landmark_sum(lm_factory=lm_reasonable_orders_hps(lm_rhw()),transform=adapt_costs(one),pref=false): 7
[t=0.00705556s, 12856 KB] New best heuristic value for ff(transform=adapt_costs(one)): 7
[t=0.00706722s, 12856 KB] g=3, 6 evaluated, 5 expanded
[t=0.00709479s, 12856 KB] New best heuristic value for landmark_sum(lm_factory=lm_reasonable_orders_hps(lm_rhw()),transform=adapt_costs(one),pref=false): 6
[t=0.00710862s, 12856 KB] New best heuristic value for ff(transform=adapt_costs(one)): 6
[t=0.00712055s, 12856 KB] g=5, 9 evaluated, 8 expanded
[t=0.00713829s, 12856 KB] New best heuristic value for landmark_sum(lm_factory=lm_reasonable_orders_hps(lm_rhw()),transform=adapt_costs(one),pref=false): 5
[t=0.00715109s, 12856 KB] New best heuristic value for ff(transform=adapt_costs(one)): 5
[t=0.0071635s, 12856 KB] g=6, 10 evaluated, 9 expanded
[t=0.00718439s, 12856 KB] New best heuristic value for landmark_sum(lm_factory=lm_reasonable_orders_hps(lm_rhw()),transform=adapt_costs(one),pref=false): 4
[t=0.00719772s, 12856 KB] New best heuristic value for ff(transform=adapt_costs(one)): 4
[t=0.0072095s, 12856 KB] g=7, 11 evaluated, 10 expanded
[t=0.00722732s, 12856 KB] New best heuristic value for landmark_sum(lm_factory=lm_reasonable_orders_hps(lm_rhw()),transform=adapt_costs(one),pref=false): 3
[t=0.00723995s, 12856 KB] New best heuristic value for ff(transform=adapt_costs(one)): 3
[t=0.00725167s, 12856 KB] g=8, 12 evaluated, 11 expanded
[t=0.00726927s, 12856 KB] New best heuristic value for landmark_sum(lm_factory=lm_reasonable_orders_hps(lm_rhw()),transform=adapt_costs(one),pref=false): 2
[t=0.00728207s, 12856 KB] New best heuristic value for ff(transform=adapt_costs(one)): 2
[t=0.00729378s, 12856 KB] g=9, 13 evaluated, 12 expanded
[t=0.0073212s, 12856 KB] New best heuristic value for landmark_sum(lm_factory=lm_reasonable_orders_hps(lm_rhw()),transform=adapt_costs(one),pref=false): 1
[t=0.00734914s, 12856 KB] New best heuristic value for ff(transform=adapt_costs(one)): 1
[t=0.00737004s, 12856 KB] g=10, 14 evaluated, 13 expanded
[t=0.00739067s, 12856 KB] Solution found!
[t=0.00740188s, 12856 KB] Actual search time: 0.000561353s
build_building worker_1 tank_factory_1 (1)
train_tank tank_1 (1)
finish_occupied worker_1 (1)
build_building worker_1 barracks_1 (1)
train_light_infantry light_infantry_2 (1)
train_light_infantry light_infantry_1 (1)
finish_occupied worker_1 (1)
build_building worker_1 tech_facility_1 (1)
upgrade_building tank_factory_1 (1)
train_siege_tank siege_tank_2 (1)
train_siege_tank siege_tank_1 (1)
[t=0.00741221s, 12856 KB] Plan length: 11 step(s).
[t=0.00741221s, 12856 KB] Plan cost: 11
[t=0.00741221s, 12856 KB] Expanded 14 state(s).
[t=0.00741221s, 12856 KB] Reopened 0 state(s).
[t=0.00741221s, 12856 KB] Evaluated 15 state(s).
[t=0.00741221s, 12856 KB] Evaluations: 30
[t=0.00741221s, 12856 KB] Generated 33 state(s).
[t=0.00741221s, 12856 KB] Dead ends: 0 state(s).
[t=0.00741221s, 12856 KB] Number of registered states: 15
[t=0.00741221s, 12856 KB] Int hash set load factor: 15/16 = 0.9375
[t=0.00741221s, 12856 KB] Int hash set resizes: 4
[t=0.00741221s, 12856 KB] Search time: 0.000608402s
[t=0.00741221s, 12856 KB] Total time: 0.00741221s
Solution found.
Peak memory: 12856 KB
Remove intermediate file output.sas
search exit code: 0

INFO     Planner time: 0.28s